<?xml version="1.0" encoding="UTF-8"?>
<!-- Generated by org.testng.reporters.JUnitReportReporter -->
<testsuite hostname="DESKTOP-GARLJAI" failures="0" tests="1" name="testCases.VerifyLoginTestCased" time="11.430" errors="0" timestamp="2024-04-29T00:14:08 IST" skipped="0">
  <testcase classname="testCases.VerifyLoginTestCased" name="verifyLoginWithValidData" time="11.430"/>
  <system-out/>
</testsuite> <!-- testCases.VerifyLoginTestCased -->
