<?xml version="1.0" encoding="UTF-8"?>
<!-- Generated by org.testng.reporters.JUnitReportReporter -->
<testsuite hostname="DESKTOP-GARLJAI" failures="0" tests="2" name="testCases.VerifyRegistrationTestCases" time="23.781" errors="0" timestamp="2024-05-05T17:32:05 IST" skipped="0">
  <testcase classname="testCases.VerifyRegistrationTestCases" name="verifyRegistrationWithValidData" time="11.659"/>
  <system-out/>
  <testcase classname="testCases.VerifyRegistrationTestCases" name="verifyRegistrationWithInValidData" time="12.122"/>
  <system-out/>
</testsuite> <!-- testCases.VerifyRegistrationTestCases -->
