<?xml version="1.0" encoding="UTF-8"?>
<!-- Generated by org.testng.reporters.JUnitReportReporter -->
<testsuite hostname="DESKTOP-GARLJAI" failures="0" tests="1" name="testCases.VerifyRegistrationTestCases" time="15.983" errors="0" timestamp="2024-04-30T23:26:50 IST" skipped="0">
  <testcase classname="testCases.VerifyRegistrationTestCases" name="verifyRegistrationWithValidData" time="15.983"/>
  <system-out/>
</testsuite> <!-- testCases.VerifyRegistrationTestCases -->
