<?xml version="1.0" encoding="UTF-8"?>
<!-- Generated by org.testng.reporters.JUnitReportReporter -->
<testsuite hostname="DESKTOP-GARLJAI" failures="0" tests="1" name="testCases.VerifyRegistrationTestCases" time="18.368" errors="0" timestamp="2024-05-01T09:12:17 IST" skipped="0">
  <testcase classname="testCases.VerifyRegistrationTestCases" name="verifyRegistrationWithValidData" time="18.368"/>
  <system-out/>
</testsuite> <!-- testCases.VerifyRegistrationTestCases -->
