<?xml version="1.0" encoding="UTF-8"?>
<!-- Generated by org.testng.reporters.JUnitReportReporter -->
<testsuite hostname="DESKTOP-GARLJAI" failures="0" tests="1" name="testCases.VerifyLoginTestCased" time="11.136" errors="0" timestamp="2024-05-01T09:12:17 IST" skipped="0">
  <testcase classname="testCases.VerifyLoginTestCased" name="verifyLoginWithValidData" time="11.136"/>
  <system-out/>
</testsuite> <!-- testCases.VerifyLoginTestCased -->
